2023-01-31 01:05:54,531 [restartedMain] INFO  [com.peter.lee.LeeApplication] StartupInfoLogger.java:55 - Starting LeeApplication using Java 1.8.0_202 on DESKTOP-Peter with PID 10348 (D:\projects\idea\myZone\lee\target\classes started by Peter in D:\projects\idea\myZone\lee)
2023-01-31 01:05:54,532 [restartedMain] INFO  [com.peter.lee.LeeApplication] SpringApplication.java:631 - No active profile set, falling back to 1 default profile: "default"
2023-01-31 01:05:54,567 [restartedMain] INFO  [o.s.b.d.env.DevToolsPropertyDefaultsPostProcessor] DeferredLog.java:255 - Devtools property defaults active! Set 'spring.devtools.add-properties' to 'false' to disable
2023-01-31 01:05:54,568 [restartedMain] INFO  [o.s.b.d.env.DevToolsPropertyDefaultsPostProcessor] DeferredLog.java:255 - For additional web related logging consider setting the 'logging.level.web' property to 'DEBUG'
2023-01-31 01:05:55,250 [restartedMain] INFO  [o.s.boot.web.embedded.tomcat.TomcatWebServer] TomcatWebServer.java:108 - Tomcat initialized with port(s): 8081 (http)
2023-01-31 01:05:55,261 [restartedMain] INFO  [org.apache.coyote.http11.Http11NioProtocol] DirectJDKLog.java:173 - Initializing ProtocolHandler ["http-nio-8081"]
2023-01-31 01:05:55,262 [restartedMain] INFO  [org.apache.catalina.core.StandardService] DirectJDKLog.java:173 - Starting service [Tomcat]
2023-01-31 01:05:55,262 [restartedMain] INFO  [org.apache.catalina.core.StandardEngine] DirectJDKLog.java:173 - Starting Servlet engine: [Apache Tomcat/9.0.70]
2023-01-31 01:05:55,318 [restartedMain] INFO  [o.a.c.core.ContainerBase.[Tomcat].[localhost].[/]] DirectJDKLog.java:173 - Initializing Spring embedded WebApplicationContext
2023-01-31 01:05:55,319 [restartedMain] INFO  [o.s.b.w.s.c.ServletWebServerApplicationContext] ServletWebServerApplicationContext.java:292 - Root WebApplicationContext: initialization completed in 746 ms
2023-01-31 01:05:55,851 [restartedMain] INFO  [o.s.b.d.autoconfigure.OptionalLiveReloadServer] OptionalLiveReloadServer.java:59 - LiveReload server is running on port 35729
2023-01-31 01:05:55,892 [restartedMain] INFO  [org.apache.coyote.http11.Http11NioProtocol] DirectJDKLog.java:173 - Starting ProtocolHandler ["http-nio-8081"]
2023-01-31 01:05:55,907 [restartedMain] INFO  [o.s.boot.web.embedded.tomcat.TomcatWebServer] TomcatWebServer.java:220 - Tomcat started on port(s): 8081 (http) with context path ''
2023-01-31 01:05:55,913 [restartedMain] INFO  [com.peter.lee.LeeApplication] StartupInfoLogger.java:61 - Started LeeApplication in 1.709 seconds (JVM running for 2.288)
2023-01-31 01:07:02,042 [restartedMain] INFO  [com.peter.lee.LeeApplication] StartupInfoLogger.java:55 - Starting LeeApplication using Java 1.8.0_202 on DESKTOP-Peter with PID 17844 (D:\projects\idea\myZone\lee\target\classes started by Peter in D:\projects\idea\myZone\lee)
2023-01-31 01:07:02,043 [restartedMain] INFO  [com.peter.lee.LeeApplication] SpringApplication.java:631 - No active profile set, falling back to 1 default profile: "default"
2023-01-31 01:07:02,074 [restartedMain] INFO  [o.s.b.d.env.DevToolsPropertyDefaultsPostProcessor] DeferredLog.java:255 - Devtools property defaults active! Set 'spring.devtools.add-properties' to 'false' to disable
2023-01-31 01:07:02,074 [restartedMain] INFO  [o.s.b.d.env.DevToolsPropertyDefaultsPostProcessor] DeferredLog.java:255 - For additional web related logging consider setting the 'logging.level.web' property to 'DEBUG'
2023-01-31 01:07:02,746 [restartedMain] INFO  [o.s.boot.web.embedded.tomcat.TomcatWebServer] TomcatWebServer.java:108 - Tomcat initialized with port(s): 8081 (http)
2023-01-31 01:07:02,752 [restartedMain] INFO  [org.apache.coyote.http11.Http11NioProtocol] DirectJDKLog.java:173 - Initializing ProtocolHandler ["http-nio-8081"]
2023-01-31 01:07:02,753 [restartedMain] INFO  [org.apache.catalina.core.StandardService] DirectJDKLog.java:173 - Starting service [Tomcat]
2023-01-31 01:07:02,753 [restartedMain] INFO  [org.apache.catalina.core.StandardEngine] DirectJDKLog.java:173 - Starting Servlet engine: [Apache Tomcat/9.0.70]
2023-01-31 01:07:02,811 [restartedMain] INFO  [o.a.c.core.ContainerBase.[Tomcat].[localhost].[/]] DirectJDKLog.java:173 - Initializing Spring embedded WebApplicationContext
2023-01-31 01:07:02,812 [restartedMain] INFO  [o.s.b.w.s.c.ServletWebServerApplicationContext] ServletWebServerApplicationContext.java:292 - Root WebApplicationContext: initialization completed in 737 ms
2023-01-31 01:07:03,310 [restartedMain] INFO  [o.s.b.d.autoconfigure.OptionalLiveReloadServer] OptionalLiveReloadServer.java:59 - LiveReload server is running on port 35729
2023-01-31 01:07:03,348 [restartedMain] INFO  [org.apache.coyote.http11.Http11NioProtocol] DirectJDKLog.java:173 - Starting ProtocolHandler ["http-nio-8081"]
2023-01-31 01:07:03,360 [restartedMain] INFO  [o.s.boot.web.embedded.tomcat.TomcatWebServer] TomcatWebServer.java:220 - Tomcat started on port(s): 8081 (http) with context path ''
2023-01-31 01:07:03,367 [restartedMain] INFO  [com.peter.lee.LeeApplication] StartupInfoLogger.java:61 - Started LeeApplication in 1.651 seconds (JVM running for 2.31)
